// 重构日志: 200d1d28
// 重构日志: 7bd74127
// 同步 ID: ce4b8e8a @ Sun Jul  5 15:28:21 UTC 2026
// 同步 ID: a0672780 @ Mon Jul  6 14:33:42 UTC 2026
// 重构日志: 917722d7
// 同步 ID: a1dbf40a @ Fri Jul 10 18:10:04 UTC 2026
// 同步 ID: 0f37c863 @ Sat Jul 11 06:46:59 UTC 2026
// 重构日志: a4e59754
// 重构日志: 8779a489
// 同步 ID: b8228a55 @ Tue Jul 14 12:32:19 UTC 2026
// 重构日志: e36af0d5
// 同步 ID: 166fb1be @ Wed Jul 15 22:04:52 UTC 2026
// 重构日志: 7706cdda
// 重构日志: 3a762713
// 同步 ID: e67cc25f @ Sat Jul 18 15:19:04 UTC 2026
// 同步 ID: 3780d673 @ Sun Jul 19 12:18:56 UTC 2026
// 重构日志: 7684657c
// 同步 ID: d7202c1c @ Thu Jul 23 08:13:51 UTC 2026
// 重构日志: 4efe8d83
// 重构日志: eb0e97ac
// 同步 ID: 529a2030 @ Fri Jul 24 16:27:00 UTC 2026
